[2024-11-20T13:13:33.773+0000] {manager.py:487} INFO - Processing files using up to 2 processes at a time 
[2024-11-20T13:13:33.774+0000] {manager.py:488} INFO - Process each file at most once every 30 seconds
[2024-11-20T13:13:33.774+0000] {manager.py:489} INFO - Checking for new files in /opt/airflow/dags every 300 seconds
[2024-11-20T13:13:33.774+0000] {manager.py:759} INFO - Searching for files in /opt/airflow/dags
[2024-11-20T13:13:33.775+0000] {manager.py:762} INFO - There are 2 files in /opt/airflow/dags
[2024-11-20T13:13:33.823+0000] {manager.py:1031} ERROR - Processor for /opt/airflow/dags/astro_orders.py exited with return code 1.
[2024-11-20T13:13:33.839+0000] {manager.py:1031} ERROR - Processor for /opt/airflow/dags/exampledag.py exited with return code 1.
[2024-11-20T13:13:33.842+0000] {manager.py:893} INFO - 
================================================================================
DAG File Processing Stats

File Path                          PID    Runtime      # DAGs    # Errors  Last Runtime    Last Run
---------------------------------  -----  ---------  --------  ----------  --------------  -------------------
/opt/airflow/dags/astro_orders.py                           0          -1  0.03s           2024-11-20T13:13:33
/opt/airflow/dags/exampledag.py                             0          -1  0.02s           2024-11-20T13:13:33
================================================================================
[2024-11-20T13:14:03.948+0000] {manager.py:1031} ERROR - Processor for /opt/airflow/dags/astro_orders.py exited with return code 1.
[2024-11-20T13:14:03.950+0000] {manager.py:893} INFO - 
================================================================================
DAG File Processing Stats

File Path                            PID  Runtime      # DAGs    # Errors  Last Runtime    Last Run
---------------------------------  -----  ---------  --------  ----------  --------------  -------------------
/opt/airflow/dags/astro_orders.py                           0          -1  0.01s           2024-11-20T13:14:03
/opt/airflow/dags/exampledag.py       65  0.00s             0          -1  0.02s           2024-11-20T13:13:33
================================================================================
[2024-11-20T13:14:03.952+0000] {manager.py:1031} ERROR - Processor for /opt/airflow/dags/exampledag.py exited with return code 1.
[2024-11-20T13:14:06.130+0000] {manager.py:469} INFO - Exiting gracefully upon receiving signal 15
[2024-11-20T13:14:16.095+0000] {manager.py:487} INFO - Processing files using up to 2 processes at a time 
[2024-11-20T13:14:16.095+0000] {manager.py:488} INFO - Process each file at most once every 30 seconds
[2024-11-20T13:14:16.095+0000] {manager.py:489} INFO - Checking for new files in /opt/airflow/dags every 300 seconds
[2024-11-20T13:14:16.095+0000] {manager.py:759} INFO - Searching for files in /opt/airflow/dags
[2024-11-20T13:14:16.097+0000] {manager.py:762} INFO - There are 2 files in /opt/airflow/dags
[2024-11-20T13:14:16.225+0000] {manager.py:1031} ERROR - Processor for /opt/airflow/dags/astro_orders.py exited with return code 1.
[2024-11-20T13:14:16.242+0000] {manager.py:1031} ERROR - Processor for /opt/airflow/dags/exampledag.py exited with return code 1.
[2024-11-20T13:14:16.244+0000] {manager.py:893} INFO - 
================================================================================
DAG File Processing Stats

File Path                          PID    Runtime      # DAGs    # Errors  Last Runtime    Last Run
---------------------------------  -----  ---------  --------  ----------  --------------  -------------------
/opt/airflow/dags/astro_orders.py                           0          -1  0.11s           2024-11-20T13:14:16
/opt/airflow/dags/exampledag.py                             0          -1  0.02s           2024-11-20T13:14:16
================================================================================
[2024-11-20T13:14:46.333+0000] {manager.py:1031} ERROR - Processor for /opt/airflow/dags/astro_orders.py exited with return code 1.
[2024-11-20T13:14:46.334+0000] {manager.py:893} INFO - 
================================================================================
DAG File Processing Stats

File Path                            PID  Runtime      # DAGs    # Errors  Last Runtime    Last Run
---------------------------------  -----  ---------  --------  ----------  --------------  -------------------
/opt/airflow/dags/astro_orders.py                           0          -1  0.01s           2024-11-20T13:14:46
/opt/airflow/dags/exampledag.py       57  0.00s             0          -1  0.02s           2024-11-20T13:14:16
================================================================================
[2024-11-20T13:14:46.338+0000] {manager.py:1031} ERROR - Processor for /opt/airflow/dags/exampledag.py exited with return code 1.
[2024-11-20T13:15:16.446+0000] {manager.py:893} INFO - 
================================================================================
DAG File Processing Stats

File Path                            PID  Runtime      # DAGs    # Errors  Last Runtime    Last Run
---------------------------------  -----  ---------  --------  ----------  --------------  -------------------
/opt/airflow/dags/astro_orders.py     67  0.01s             0          -1  0.01s           2024-11-20T13:14:46
/opt/airflow/dags/exampledag.py       68  0.00s             0          -1  0.01s           2024-11-20T13:14:46
================================================================================
[2024-11-20T13:15:16.447+0000] {manager.py:1031} ERROR - Processor for /opt/airflow/dags/astro_orders.py exited with return code 1.
[2024-11-20T13:15:16.451+0000] {manager.py:1031} ERROR - Processor for /opt/airflow/dags/exampledag.py exited with return code 1.
[2024-11-20T13:15:46.571+0000] {manager.py:893} INFO - 
================================================================================
DAG File Processing Stats

File Path                            PID  Runtime      # DAGs    # Errors  Last Runtime    Last Run
---------------------------------  -----  ---------  --------  ----------  --------------  -------------------
/opt/airflow/dags/astro_orders.py     78  0.01s             0          -1  0.01s           2024-11-20T13:15:16
/opt/airflow/dags/exampledag.py       79  0.00s             0          -1  0.01s           2024-11-20T13:15:16
================================================================================
[2024-11-20T13:15:46.572+0000] {manager.py:1031} ERROR - Processor for /opt/airflow/dags/astro_orders.py exited with return code 1.
[2024-11-20T13:15:46.574+0000] {manager.py:1031} ERROR - Processor for /opt/airflow/dags/exampledag.py exited with return code 1.
[2024-11-20T13:16:16.786+0000] {manager.py:1031} ERROR - Processor for /opt/airflow/dags/astro_orders.py exited with return code 1.
[2024-11-20T13:16:16.787+0000] {manager.py:893} INFO - 
================================================================================
DAG File Processing Stats

File Path                            PID  Runtime      # DAGs    # Errors  Last Runtime    Last Run
---------------------------------  -----  ---------  --------  ----------  --------------  -------------------
/opt/airflow/dags/astro_orders.py                           0          -1  0.01s           2024-11-20T13:16:16
/opt/airflow/dags/exampledag.py       90  0.00s             0          -1  0.01s           2024-11-20T13:15:46
================================================================================
[2024-11-20T13:16:16.790+0000] {manager.py:1031} ERROR - Processor for /opt/airflow/dags/exampledag.py exited with return code 1.
[2024-11-20T13:16:46.993+0000] {manager.py:1031} ERROR - Processor for /opt/airflow/dags/astro_orders.py exited with return code 1.
[2024-11-20T13:16:46.996+0000] {manager.py:893} INFO - 
================================================================================
DAG File Processing Stats

File Path                            PID  Runtime      # DAGs    # Errors  Last Runtime    Last Run
---------------------------------  -----  ---------  --------  ----------  --------------  -------------------
/opt/airflow/dags/astro_orders.py                           0          -1  0.01s           2024-11-20T13:16:46
/opt/airflow/dags/exampledag.py      101  0.01s             0          -1  0.01s           2024-11-20T13:16:16
================================================================================
[2024-11-20T13:16:46.998+0000] {manager.py:1031} ERROR - Processor for /opt/airflow/dags/exampledag.py exited with return code 1.
[2024-11-20T13:17:17.194+0000] {manager.py:1031} ERROR - Processor for /opt/airflow/dags/astro_orders.py exited with return code 1.
[2024-11-20T13:17:17.195+0000] {manager.py:893} INFO - 
================================================================================
DAG File Processing Stats

File Path                            PID  Runtime      # DAGs    # Errors  Last Runtime    Last Run
---------------------------------  -----  ---------  --------  ----------  --------------  -------------------
/opt/airflow/dags/astro_orders.py                           0          -1  0.02s           2024-11-20T13:17:17
/opt/airflow/dags/exampledag.py      112  0.00s             0          -1  0.01s           2024-11-20T13:16:46
================================================================================
[2024-11-20T13:17:17.201+0000] {manager.py:1031} ERROR - Processor for /opt/airflow/dags/exampledag.py exited with return code 1.
[2024-11-20T13:17:47.365+0000] {manager.py:1031} ERROR - Processor for /opt/airflow/dags/astro_orders.py exited with return code 1.
[2024-11-20T13:17:47.366+0000] {manager.py:893} INFO - 
================================================================================
DAG File Processing Stats

File Path                            PID  Runtime      # DAGs    # Errors  Last Runtime    Last Run
---------------------------------  -----  ---------  --------  ----------  --------------  -------------------
/opt/airflow/dags/astro_orders.py                           0          -1  0.01s           2024-11-20T13:17:47
/opt/airflow/dags/exampledag.py      123  0.00s             0          -1  0.01s           2024-11-20T13:17:17
================================================================================
[2024-11-20T13:17:47.370+0000] {manager.py:1031} ERROR - Processor for /opt/airflow/dags/exampledag.py exited with return code 1.
[2024-11-20T13:18:17.562+0000] {manager.py:1031} ERROR - Processor for /opt/airflow/dags/astro_orders.py exited with return code 1.
[2024-11-20T13:18:17.563+0000] {manager.py:893} INFO - 
================================================================================
DAG File Processing Stats

File Path                            PID  Runtime      # DAGs    # Errors  Last Runtime    Last Run
---------------------------------  -----  ---------  --------  ----------  --------------  -------------------
/opt/airflow/dags/astro_orders.py                           0          -1  0.01s           2024-11-20T13:18:17
/opt/airflow/dags/exampledag.py      125  0.01s             0          -1  0.01s           2024-11-20T13:17:47
================================================================================
[2024-11-20T13:18:17.566+0000] {manager.py:1031} ERROR - Processor for /opt/airflow/dags/exampledag.py exited with return code 1.
[2024-11-20T13:18:47.784+0000] {manager.py:1031} ERROR - Processor for /opt/airflow/dags/astro_orders.py exited with return code 1.
[2024-11-20T13:18:47.785+0000] {manager.py:893} INFO - 
================================================================================
DAG File Processing Stats

File Path                            PID  Runtime      # DAGs    # Errors  Last Runtime    Last Run
---------------------------------  -----  ---------  --------  ----------  --------------  -------------------
/opt/airflow/dags/astro_orders.py                           0          -1  0.01s           2024-11-20T13:18:47
/opt/airflow/dags/exampledag.py      136  0.00s             0          -1  0.01s           2024-11-20T13:18:17
================================================================================
[2024-11-20T13:18:47.789+0000] {manager.py:1031} ERROR - Processor for /opt/airflow/dags/exampledag.py exited with return code 1.
[2024-11-20T13:19:16.971+0000] {manager.py:759} INFO - Searching for files in /opt/airflow/dags
[2024-11-20T13:19:16.974+0000] {manager.py:762} INFO - There are 2 files in /opt/airflow/dags
[2024-11-20T13:19:18.012+0000] {manager.py:1031} ERROR - Processor for /opt/airflow/dags/astro_orders.py exited with return code 1.
[2024-11-20T13:19:18.013+0000] {manager.py:893} INFO - 
================================================================================
DAG File Processing Stats

File Path                            PID  Runtime      # DAGs    # Errors  Last Runtime    Last Run
---------------------------------  -----  ---------  --------  ----------  --------------  -------------------
/opt/airflow/dags/astro_orders.py                           0          -1  0.01s           2024-11-20T13:19:18
/opt/airflow/dags/exampledag.py      147  0.00s             0          -1  0.01s           2024-11-20T13:18:47
================================================================================
[2024-11-20T13:19:18.016+0000] {manager.py:1031} ERROR - Processor for /opt/airflow/dags/exampledag.py exited with return code 1.
[2024-11-20T13:19:48.218+0000] {manager.py:1031} ERROR - Processor for /opt/airflow/dags/astro_orders.py exited with return code 1.
[2024-11-20T13:19:48.219+0000] {manager.py:893} INFO - 
================================================================================
DAG File Processing Stats

File Path                            PID  Runtime      # DAGs    # Errors  Last Runtime    Last Run
---------------------------------  -----  ---------  --------  ----------  --------------  -------------------
/opt/airflow/dags/astro_orders.py                           0          -1  0.01s           2024-11-20T13:19:48
/opt/airflow/dags/exampledag.py      158  0.00s             0          -1  0.01s           2024-11-20T13:19:18
================================================================================
[2024-11-20T13:19:48.223+0000] {manager.py:1031} ERROR - Processor for /opt/airflow/dags/exampledag.py exited with return code 1.
[2024-11-20T13:20:18.394+0000] {manager.py:1031} ERROR - Processor for /opt/airflow/dags/astro_orders.py exited with return code 1.
[2024-11-20T13:20:18.396+0000] {manager.py:893} INFO - 
================================================================================
DAG File Processing Stats

File Path                            PID  Runtime      # DAGs    # Errors  Last Runtime    Last Run
---------------------------------  -----  ---------  --------  ----------  --------------  -------------------
/opt/airflow/dags/astro_orders.py                           0          -1  0.01s           2024-11-20T13:20:18
/opt/airflow/dags/exampledag.py      169  0.00s             0          -1  0.01s           2024-11-20T13:19:48
================================================================================
[2024-11-20T13:20:18.400+0000] {manager.py:1031} ERROR - Processor for /opt/airflow/dags/exampledag.py exited with return code 1.
[2024-11-20T13:20:48.613+0000] {manager.py:1031} ERROR - Processor for /opt/airflow/dags/astro_orders.py exited with return code 1.
[2024-11-20T13:20:48.615+0000] {manager.py:893} INFO - 
================================================================================
DAG File Processing Stats

File Path                            PID  Runtime      # DAGs    # Errors  Last Runtime    Last Run
---------------------------------  -----  ---------  --------  ----------  --------------  -------------------
/opt/airflow/dags/astro_orders.py                           0          -1  0.01s           2024-11-20T13:20:48
/opt/airflow/dags/exampledag.py      180  0.00s             0          -1  0.01s           2024-11-20T13:20:18
================================================================================
[2024-11-20T13:20:48.619+0000] {manager.py:1031} ERROR - Processor for /opt/airflow/dags/exampledag.py exited with return code 1.
[2024-11-20T13:21:18.807+0000] {manager.py:1031} ERROR - Processor for /opt/airflow/dags/astro_orders.py exited with return code 1.
[2024-11-20T13:21:18.808+0000] {manager.py:893} INFO - 
================================================================================
DAG File Processing Stats

File Path                            PID  Runtime      # DAGs    # Errors  Last Runtime    Last Run
---------------------------------  -----  ---------  --------  ----------  --------------  -------------------
/opt/airflow/dags/astro_orders.py                           0          -1  0.01s           2024-11-20T13:21:18
/opt/airflow/dags/exampledag.py      191  0.00s             0          -1  0.01s           2024-11-20T13:20:48
================================================================================
[2024-11-20T13:21:18.811+0000] {manager.py:1031} ERROR - Processor for /opt/airflow/dags/exampledag.py exited with return code 1.
[2024-11-20T13:21:49.005+0000] {manager.py:1031} ERROR - Processor for /opt/airflow/dags/astro_orders.py exited with return code 1.
[2024-11-20T13:21:49.007+0000] {manager.py:893} INFO - 
================================================================================
DAG File Processing Stats

File Path                            PID  Runtime      # DAGs    # Errors  Last Runtime    Last Run
---------------------------------  -----  ---------  --------  ----------  --------------  -------------------
/opt/airflow/dags/astro_orders.py                           0          -1  0.01s           2024-11-20T13:21:49
/opt/airflow/dags/exampledag.py      202  0.00s             0          -1  0.01s           2024-11-20T13:21:18
================================================================================
[2024-11-20T13:21:49.011+0000] {manager.py:1031} ERROR - Processor for /opt/airflow/dags/exampledag.py exited with return code 1.
[2024-11-20T13:22:19.186+0000] {manager.py:1031} ERROR - Processor for /opt/airflow/dags/astro_orders.py exited with return code 1.
[2024-11-20T13:22:19.187+0000] {manager.py:893} INFO - 
================================================================================
DAG File Processing Stats

File Path                            PID  Runtime      # DAGs    # Errors  Last Runtime    Last Run
---------------------------------  -----  ---------  --------  ----------  --------------  -------------------
/opt/airflow/dags/astro_orders.py                           0          -1  0.01s           2024-11-20T13:22:19
/opt/airflow/dags/exampledag.py      213  0.00s             0          -1  0.01s           2024-11-20T13:21:49
================================================================================
[2024-11-20T13:22:19.191+0000] {manager.py:1031} ERROR - Processor for /opt/airflow/dags/exampledag.py exited with return code 1.
[2024-11-20T13:22:49.375+0000] {manager.py:1031} ERROR - Processor for /opt/airflow/dags/astro_orders.py exited with return code 1.
[2024-11-20T13:22:49.376+0000] {manager.py:893} INFO - 
================================================================================
DAG File Processing Stats

File Path                            PID  Runtime      # DAGs    # Errors  Last Runtime    Last Run
---------------------------------  -----  ---------  --------  ----------  --------------  -------------------
/opt/airflow/dags/astro_orders.py                           0          -1  0.01s           2024-11-20T13:22:49
/opt/airflow/dags/exampledag.py      224  0.00s             0          -1  0.01s           2024-11-20T13:22:19
================================================================================
[2024-11-20T13:22:49.379+0000] {manager.py:1031} ERROR - Processor for /opt/airflow/dags/exampledag.py exited with return code 1.
[2024-11-20T13:23:19.536+0000] {manager.py:1031} ERROR - Processor for /opt/airflow/dags/astro_orders.py exited with return code 1.
[2024-11-20T13:23:19.538+0000] {manager.py:893} INFO - 
================================================================================
DAG File Processing Stats

File Path                            PID  Runtime      # DAGs    # Errors  Last Runtime    Last Run
---------------------------------  -----  ---------  --------  ----------  --------------  -------------------
/opt/airflow/dags/astro_orders.py                           0          -1  0.01s           2024-11-20T13:23:19
/opt/airflow/dags/exampledag.py      235  0.00s             0          -1  0.01s           2024-11-20T13:22:49
================================================================================
[2024-11-20T13:23:19.542+0000] {manager.py:1031} ERROR - Processor for /opt/airflow/dags/exampledag.py exited with return code 1.
[2024-11-20T13:23:49.737+0000] {manager.py:1031} ERROR - Processor for /opt/airflow/dags/astro_orders.py exited with return code 1.
[2024-11-20T13:23:49.739+0000] {manager.py:893} INFO - 
================================================================================
DAG File Processing Stats

File Path                            PID  Runtime      # DAGs    # Errors  Last Runtime    Last Run
---------------------------------  -----  ---------  --------  ----------  --------------  -------------------
/opt/airflow/dags/astro_orders.py                           0          -1  0.01s           2024-11-20T13:23:49
/opt/airflow/dags/exampledag.py      246  0.00s             0          -1  0.01s           2024-11-20T13:23:19
================================================================================
[2024-11-20T13:23:49.742+0000] {manager.py:1031} ERROR - Processor for /opt/airflow/dags/exampledag.py exited with return code 1.
[2024-11-20T13:24:17.907+0000] {manager.py:759} INFO - Searching for files in /opt/airflow/dags
[2024-11-20T13:24:17.909+0000] {manager.py:762} INFO - There are 2 files in /opt/airflow/dags
[2024-11-20T13:24:19.934+0000] {manager.py:1031} ERROR - Processor for /opt/airflow/dags/astro_orders.py exited with return code 1.
[2024-11-20T13:24:19.936+0000] {manager.py:893} INFO - 
================================================================================
DAG File Processing Stats

File Path                            PID  Runtime      # DAGs    # Errors  Last Runtime    Last Run
---------------------------------  -----  ---------  --------  ----------  --------------  -------------------
/opt/airflow/dags/astro_orders.py                           0          -1  0.01s           2024-11-20T13:24:19
/opt/airflow/dags/exampledag.py      257  0.00s             0          -1  0.01s           2024-11-20T13:23:49
================================================================================
[2024-11-20T13:24:19.940+0000] {manager.py:1031} ERROR - Processor for /opt/airflow/dags/exampledag.py exited with return code 1.
[2024-11-20T13:24:50.104+0000] {manager.py:1031} ERROR - Processor for /opt/airflow/dags/astro_orders.py exited with return code 1.
[2024-11-20T13:24:50.106+0000] {manager.py:893} INFO - 
================================================================================
DAG File Processing Stats

File Path                            PID  Runtime      # DAGs    # Errors  Last Runtime    Last Run
---------------------------------  -----  ---------  --------  ----------  --------------  -------------------
/opt/airflow/dags/astro_orders.py                           0          -1  0.01s           2024-11-20T13:24:50
/opt/airflow/dags/exampledag.py      268  0.00s             0          -1  0.01s           2024-11-20T13:24:19
================================================================================
[2024-11-20T13:24:50.109+0000] {manager.py:1031} ERROR - Processor for /opt/airflow/dags/exampledag.py exited with return code 1.
[2024-11-20T13:25:20.317+0000] {manager.py:1031} ERROR - Processor for /opt/airflow/dags/astro_orders.py exited with return code 1.
[2024-11-20T13:25:20.318+0000] {manager.py:893} INFO - 
================================================================================
DAG File Processing Stats

File Path                            PID  Runtime      # DAGs    # Errors  Last Runtime    Last Run
---------------------------------  -----  ---------  --------  ----------  --------------  -------------------
/opt/airflow/dags/astro_orders.py                           0          -1  0.01s           2024-11-20T13:25:20
/opt/airflow/dags/exampledag.py      279  0.00s             0          -1  0.01s           2024-11-20T13:24:50
================================================================================
[2024-11-20T13:25:20.321+0000] {manager.py:1031} ERROR - Processor for /opt/airflow/dags/exampledag.py exited with return code 1.
[2024-11-20T13:25:50.546+0000] {manager.py:1031} ERROR - Processor for /opt/airflow/dags/astro_orders.py exited with return code 1.
[2024-11-20T13:25:50.548+0000] {manager.py:893} INFO - 
================================================================================
DAG File Processing Stats

File Path                            PID  Runtime      # DAGs    # Errors  Last Runtime    Last Run
---------------------------------  -----  ---------  --------  ----------  --------------  -------------------
/opt/airflow/dags/astro_orders.py                           0          -1  0.01s           2024-11-20T13:25:50
/opt/airflow/dags/exampledag.py      290  0.00s             0          -1  0.01s           2024-11-20T13:25:20
================================================================================
[2024-11-20T13:25:50.552+0000] {manager.py:1031} ERROR - Processor for /opt/airflow/dags/exampledag.py exited with return code 1.
[2024-11-20T13:25:57.590+0000] {manager.py:1031} ERROR - Processor for /opt/airflow/dags/astro_orders.py exited with return code 1.
[2024-11-20T13:25:59.607+0000] {manager.py:1031} ERROR - Processor for /opt/airflow/dags/exampledag.py exited with return code 1.
[2024-11-20T13:26:20.730+0000] {manager.py:893} INFO - 
================================================================================
DAG File Processing Stats

File Path                          PID    Runtime      # DAGs    # Errors  Last Runtime    Last Run
---------------------------------  -----  ---------  --------  ----------  --------------  -------------------
/opt/airflow/dags/astro_orders.py                           0          -1  0.01s           2024-11-20T13:25:57
/opt/airflow/dags/exampledag.py                             0          -1  0.01s           2024-11-20T13:25:59
================================================================================
[2024-11-20T13:26:27.784+0000] {manager.py:1031} ERROR - Processor for /opt/airflow/dags/astro_orders.py exited with return code 1.
[2024-11-20T13:26:29.807+0000] {manager.py:1031} ERROR - Processor for /opt/airflow/dags/exampledag.py exited with return code 1.
[2024-11-20T13:26:50.948+0000] {manager.py:893} INFO - 
================================================================================
DAG File Processing Stats

File Path                          PID    Runtime      # DAGs    # Errors  Last Runtime    Last Run
---------------------------------  -----  ---------  --------  ----------  --------------  -------------------
/opt/airflow/dags/astro_orders.py                           0          -1  0.01s           2024-11-20T13:26:27
/opt/airflow/dags/exampledag.py                             0          -1  0.01s           2024-11-20T13:26:29
================================================================================
[2024-11-20T13:26:58.010+0000] {manager.py:1031} ERROR - Processor for /opt/airflow/dags/astro_orders.py exited with return code 1.
[2024-11-20T13:27:00.028+0000] {manager.py:1031} ERROR - Processor for /opt/airflow/dags/exampledag.py exited with return code 1.
[2024-11-20T13:27:21.119+0000] {manager.py:893} INFO - 
================================================================================
DAG File Processing Stats

File Path                          PID    Runtime      # DAGs    # Errors  Last Runtime    Last Run
---------------------------------  -----  ---------  --------  ----------  --------------  -------------------
/opt/airflow/dags/astro_orders.py                           0          -1  0.01s           2024-11-20T13:26:58
/opt/airflow/dags/exampledag.py                             0          -1  0.01s           2024-11-20T13:27:00
================================================================================
[2024-11-20T13:27:28.171+0000] {manager.py:1031} ERROR - Processor for /opt/airflow/dags/astro_orders.py exited with return code 1.
[2024-11-20T13:27:30.186+0000] {manager.py:1031} ERROR - Processor for /opt/airflow/dags/exampledag.py exited with return code 1.
[2024-11-20T13:27:51.286+0000] {manager.py:893} INFO - 
================================================================================
DAG File Processing Stats

File Path                          PID    Runtime      # DAGs    # Errors  Last Runtime    Last Run
---------------------------------  -----  ---------  --------  ----------  --------------  -------------------
/opt/airflow/dags/astro_orders.py                           0          -1  0.01s           2024-11-20T13:27:28
/opt/airflow/dags/exampledag.py                             0          -1  0.01s           2024-11-20T13:27:30
================================================================================
[2024-11-20T13:27:58.341+0000] {manager.py:1031} ERROR - Processor for /opt/airflow/dags/astro_orders.py exited with return code 1.
[2024-11-20T13:28:00.370+0000] {manager.py:1031} ERROR - Processor for /opt/airflow/dags/exampledag.py exited with return code 1.
[2024-11-20T13:28:21.510+0000] {manager.py:893} INFO - 
================================================================================
DAG File Processing Stats

File Path                          PID    Runtime      # DAGs    # Errors  Last Runtime    Last Run
---------------------------------  -----  ---------  --------  ----------  --------------  -------------------
/opt/airflow/dags/astro_orders.py                           0          -1  0.01s           2024-11-20T13:27:58
/opt/airflow/dags/exampledag.py                             0          -1  0.01s           2024-11-20T13:28:00
================================================================================
[2024-11-20T13:28:28.577+0000] {manager.py:1031} ERROR - Processor for /opt/airflow/dags/astro_orders.py exited with return code 1.
[2024-11-20T13:28:30.596+0000] {manager.py:1031} ERROR - Processor for /opt/airflow/dags/exampledag.py exited with return code 1.
[2024-11-20T13:28:51.731+0000] {manager.py:893} INFO - 
================================================================================
DAG File Processing Stats

File Path                          PID    Runtime      # DAGs    # Errors  Last Runtime    Last Run
---------------------------------  -----  ---------  --------  ----------  --------------  -------------------
/opt/airflow/dags/astro_orders.py                           0          -1  0.01s           2024-11-20T13:28:28
/opt/airflow/dags/exampledag.py                             0          -1  0.01s           2024-11-20T13:28:30
================================================================================
[2024-11-20T13:28:58.804+0000] {manager.py:1031} ERROR - Processor for /opt/airflow/dags/astro_orders.py exited with return code 1.
[2024-11-20T13:29:00.830+0000] {manager.py:1031} ERROR - Processor for /opt/airflow/dags/exampledag.py exited with return code 1.
[2024-11-20T13:29:17.912+0000] {manager.py:759} INFO - Searching for files in /opt/airflow/dags
[2024-11-20T13:29:17.913+0000] {manager.py:762} INFO - There are 2 files in /opt/airflow/dags
[2024-11-20T13:29:21.947+0000] {manager.py:893} INFO - 
================================================================================
DAG File Processing Stats

File Path                          PID    Runtime      # DAGs    # Errors  Last Runtime    Last Run
---------------------------------  -----  ---------  --------  ----------  --------------  -------------------
/opt/airflow/dags/astro_orders.py                           0          -1  0.01s           2024-11-20T13:28:58
/opt/airflow/dags/exampledag.py                             0          -1  0.01s           2024-11-20T13:29:00
================================================================================
[2024-11-20T13:29:29.006+0000] {manager.py:1031} ERROR - Processor for /opt/airflow/dags/astro_orders.py exited with return code 1.
[2024-11-20T13:29:31.036+0000] {manager.py:1031} ERROR - Processor for /opt/airflow/dags/exampledag.py exited with return code 1.
[2024-11-20T13:29:52.141+0000] {manager.py:893} INFO - 
================================================================================
DAG File Processing Stats

File Path                          PID    Runtime      # DAGs    # Errors  Last Runtime    Last Run
---------------------------------  -----  ---------  --------  ----------  --------------  -------------------
/opt/airflow/dags/astro_orders.py                           0          -1  0.01s           2024-11-20T13:29:29
/opt/airflow/dags/exampledag.py                             0          -1  0.01s           2024-11-20T13:29:31
================================================================================
[2024-11-20T13:29:59.189+0000] {manager.py:1031} ERROR - Processor for /opt/airflow/dags/astro_orders.py exited with return code 1.
[2024-11-20T13:30:01.204+0000] {manager.py:1031} ERROR - Processor for /opt/airflow/dags/exampledag.py exited with return code 1.
[2024-11-20T13:30:22.336+0000] {manager.py:893} INFO - 
================================================================================
DAG File Processing Stats

File Path                          PID    Runtime      # DAGs    # Errors  Last Runtime    Last Run
---------------------------------  -----  ---------  --------  ----------  --------------  -------------------
/opt/airflow/dags/astro_orders.py                           0          -1  0.01s           2024-11-20T13:29:59
/opt/airflow/dags/exampledag.py                             0          -1  0.01s           2024-11-20T13:30:01
================================================================================
[2024-11-20T13:30:29.394+0000] {manager.py:1031} ERROR - Processor for /opt/airflow/dags/astro_orders.py exited with return code 1.
[2024-11-20T13:30:31.415+0000] {manager.py:1031} ERROR - Processor for /opt/airflow/dags/exampledag.py exited with return code 1.
[2024-11-20T13:30:52.533+0000] {manager.py:893} INFO - 
================================================================================
DAG File Processing Stats

File Path                          PID    Runtime      # DAGs    # Errors  Last Runtime    Last Run
---------------------------------  -----  ---------  --------  ----------  --------------  -------------------
/opt/airflow/dags/astro_orders.py                           0          -1  0.01s           2024-11-20T13:30:29
/opt/airflow/dags/exampledag.py                             0          -1  0.01s           2024-11-20T13:30:31
================================================================================
[2024-11-20T13:30:59.586+0000] {manager.py:1031} ERROR - Processor for /opt/airflow/dags/astro_orders.py exited with return code 1.
[2024-11-20T13:31:01.603+0000] {manager.py:1031} ERROR - Processor for /opt/airflow/dags/exampledag.py exited with return code 1.
[2024-11-20T13:31:22.711+0000] {manager.py:893} INFO - 
================================================================================
DAG File Processing Stats

File Path                          PID    Runtime      # DAGs    # Errors  Last Runtime    Last Run
---------------------------------  -----  ---------  --------  ----------  --------------  -------------------
/opt/airflow/dags/astro_orders.py                           0          -1  0.01s           2024-11-20T13:30:59
/opt/airflow/dags/exampledag.py                             0          -1  0.01s           2024-11-20T13:31:01
================================================================================
[2024-11-20T13:31:29.764+0000] {manager.py:1031} ERROR - Processor for /opt/airflow/dags/astro_orders.py exited with return code 1.
[2024-11-20T13:31:31.779+0000] {manager.py:1031} ERROR - Processor for /opt/airflow/dags/exampledag.py exited with return code 1.
[2024-11-20T13:31:52.904+0000] {manager.py:893} INFO - 
================================================================================
DAG File Processing Stats

File Path                          PID    Runtime      # DAGs    # Errors  Last Runtime    Last Run
---------------------------------  -----  ---------  --------  ----------  --------------  -------------------
/opt/airflow/dags/astro_orders.py                           0          -1  0.01s           2024-11-20T13:31:29
/opt/airflow/dags/exampledag.py                             0          -1  0.01s           2024-11-20T13:31:31
================================================================================
[2024-11-20T13:31:59.959+0000] {manager.py:1031} ERROR - Processor for /opt/airflow/dags/astro_orders.py exited with return code 1.
[2024-11-20T13:32:01.986+0000] {manager.py:1031} ERROR - Processor for /opt/airflow/dags/exampledag.py exited with return code 1.
[2024-11-20T13:32:15.785+0000] {manager.py:469} INFO - Exiting gracefully upon receiving signal 15
